make[1]: Entering directory '/home/log1cs/android/sm8250/out'
  HOSTCC  scripts/basic/fixdep
  GEN     ./Makefile
  HOSTCC  scripts/kconfig/conf.o
  HOSTCC  scripts/kconfig/zconf.tab.o
  HOSTLD  scripts/kconfig/conf
scripts/kconfig/conf  --syncconfig Kconfig
*
* Restart config...
*
*
* General architecture-dependent options
*
Optimize very unlikely/likely branches (JUMP_LABEL) [Y/n/?] y
  Static key selftest (STATIC_KEYS_SELFTEST) [N/y/?] n
Stack Protector buffer overflow detection (STACKPROTECTOR) [Y/n/?] y
  Strong Stack Protector (STACKPROTECTOR_STRONG) [Y/n/?] y
Link-Time Optimization (LTO) (EXPERIMENTAL)
> 1. None (LTO_NONE)
  2. Use clang Link Time Optimization (LTO) (EXPERIMENTAL) (LTO_CLANG) (NEW)
choice[1-2?]: 2
Use clang Control Flow Integrity (CFI) (EXPERIMENTAL) (CFI_CLANG) [N/y/?] (NEW) 
Clang Shadow Call Stack (SHADOW_CALL_STACK) [N/y/?] (NEW) 
Number of bits to use for ASLR of mmap base address (ARCH_MMAP_RND_BITS) [18] 18
Number of bits to use for ASLR of mmap base address for compatible applications (ARCH_MMAP_RND_COMPAT_BITS) [11] 11
Use a virtually-mapped stack (VMAP_STACK) [N/y/?] n
Use RELR relocation packing (RELR) [Y/n/?] (NEW) 
*
* Memory initialization
*
Initialize kernel stack variables at function entry
> 1. no automatic stack variable initialization (weakest) (INIT_STACK_NONE)
  2. pattern-init everything (strongest) (INIT_STACK_ALL_PATTERN) (NEW)
  3. zero-init everything (strongest and safest) (INIT_STACK_ALL_ZERO) (NEW)
choice[1-3?]: 
Enable heap memory zeroing on allocation by default (INIT_ON_ALLOC_DEFAULT_ON) [Y/n/?] y
Enable heap memory zeroing on free by default (INIT_ON_FREE_DEFAULT_ON) [N/y/?] n
*
* Restart config...
*
*
* General architecture-dependent options
*
Optimize very unlikely/likely branches (JUMP_LABEL) [Y/n/?] y
  Static key selftest (STATIC_KEYS_SELFTEST) [N/y/?] n
Stack Protector buffer overflow detection (STACKPROTECTOR) [Y/n/?] y
  Strong Stack Protector (STACKPROTECTOR_STRONG) [Y/n/?] y
Use clang ThinLTO (EXPERIMENTAL) (THINLTO) [Y/n/?] (NEW) 
Link-Time Optimization (LTO) (EXPERIMENTAL)
  1. None (LTO_NONE)
> 2. Use clang Link Time Optimization (LTO) (EXPERIMENTAL) (LTO_CLANG)
choice[1-2?]: 2
Use clang Control Flow Integrity (CFI) (EXPERIMENTAL) (CFI_CLANG) [N/y/?] n
Clang Shadow Call Stack (SHADOW_CALL_STACK) [N/y/?] n
Number of bits to use for ASLR of mmap base address (ARCH_MMAP_RND_BITS) [18] 18
Number of bits to use for ASLR of mmap base address for compatible applications (ARCH_MMAP_RND_COMPAT_BITS) [11] 11
Use a virtually-mapped stack (VMAP_STACK) [N/y/?] n
Use RELR relocation packing (RELR) [Y/n/?] y
  GEN     ./Makefile
  Using .. as source for kernel
  DTC     arch/arm64/boot/dts/vendor/19805/kona.dtb
  DTC     arch/arm64/boot/dts/vendor/19811/kona.dtb
  DTC     arch/arm64/boot/dts/vendor/19821/kona.dtb
  DTC     arch/arm64/boot/dts/vendor/19805/kona-v2.dtb
  DTC     arch/arm64/boot/dts/vendor/19811/kona-v2.dtb
  DTC     arch/arm64/boot/dts/vendor/20809/kona.dtb
  DTC     arch/arm64/boot/dts/vendor/19811/kona-v2.1.dtb
  DTC     arch/arm64/boot/dts/vendor/20809/kona-v2.dtb
  DTC     arch/arm64/boot/dts/vendor/19855/kona.dtb
  DTC     arch/arm64/boot/dts/vendor/20828/kona.dtb
  DTC     arch/arm64/boot/dts/vendor/19855/kona-v2.dtb
  DTC     arch/arm64/boot/dts/vendor/20828/kona-v2.dtb
  DTC     arch/arm64/boot/dts/vendor/20828/kona-v2.1.dtb
  DTC     arch/arm64/boot/dts/vendor/19805/kona-v2.1.dtb
  DTC     arch/arm64/boot/dts/vendor/19855/kona-v2.1.dtb
  DTC     arch/arm64/boot/dts/vendor/19821/kona-v2.dtb
  DTC     arch/arm64/boot/dts/vendor/19821/kona-v2.1.dtb
  DTC     arch/arm64/boot/dts/vendor/20809/kona-v2.1.dtb
  DTC     arch/arm64/boot/dts/vendor/19811/kona-mtp-overlay.dtbo
  CALL    ../scripts/checksyscalls.sh
  LD      arch/arm64/kernel/vdso/vdso.so.dbg
  VDSOSYM include/generated/vdso-offsets.h
  AS      usr/initramfs_data.o
  AR      usr/built-in.a
  CC      arch/arm64/net/bpf_jit_comp.o
  CC      init/main.o
  CC      arch/arm64/mm/dma-mapping.o
  CC      arch/arm64/crypto/sha1-ce-glue.o
  CC      arch/arm64/kernel/debug-monitors.o
  AS      arch/arm64/kernel/entry.o
  DTC     arch/arm64/boot/dts/vendor/19821/kona-mtp-overlay.dtbo
  DTC     arch/arm64/boot/dts/vendor/19855/kona-mtp-overlay.dtbo
  DTC     arch/arm64/boot/dts/vendor/20809/kona-mtp-overlay.dtbo
  DTC     arch/arm64/boot/dts/vendor/19805/kona-mtp-overlay.dtbo
  CC      arch/arm64/mm/extable.o
  CHK     include/generated/compile.h
  DTC     arch/arm64/boot/dts/vendor/20828/kona-mtp-overlay.dtbo
  AS      arch/arm64/crypto/sha1-ce-core.o
  CC      arch/arm64/mm/fault.o
  CC      arch/arm64/kernel/irq.o
  CC      arch/arm64/crypto/sha2-ce-glue.o
  CC      arch/arm64/kernel/fpsimd.o
  AS      arch/arm64/crypto/sha2-ce-core.o
  CC      arch/arm64/mm/init.o
  CC      init/do_mounts.o
  CC      init/do_mounts_rd.o
  CC      init/do_mounts_initrd.o
  CC      init/do_mounts_dm.o
  AS      arch/arm64/kernel/entry-fpsimd.o
  AR      arch/arm64/net/built-in.a
  CC      arch/arm64/kernel/process.o
  CC      arch/arm64/crypto/ghash-ce-glue.o
  CC      arch/arm64/kernel/ptrace.o
  CC      certs/system_keyring.o
  CC      arch/arm64/kernel/setup.o
  AS      arch/arm64/mm/cache.o
  CC      init/noinitramfs.o
  AS      certs/system_certificates.o
  CC      kernel/fork.o
  CC      init/initramfs.o
  AR      certs/built-in.a
  CC      kernel/exec_domain.o
  CC      arch/arm64/mm/copypage.o
  CC      kernel/panic.o
  CC      kernel/cpu.o
  AS      arch/arm64/crypto/ghash-ce-core.o
  CC      arch/arm64/kernel/signal.o
  CC      init/calibrate.o
  AS      arch/arm64/crypto/aes-ce-core.o
  CC      arch/arm64/kernel/sys.o
  CC      arch/arm64/crypto/aes-ce-glue.o
  CC      kernel/exit.o
  CC      arch/arm64/mm/flush.o
  CC      init/init_task.o
  CC      arch/arm64/kernel/stacktrace.o
  CC      arch/arm64/crypto/aes-ce-ccm-glue.o
  AS      arch/arm64/crypto/aes-ce-ccm-core.o
  CC      init/version.o
  CC      arch/arm64/crypto/aes-glue-ce.o
  CC      kernel/softirq.o
  CC      arch/arm64/kernel/time.o
  CC      arch/arm64/mm/ioremap.o
  CC      arch/arm64/kernel/traps.o
  CC      arch/arm64/mm/mmap.o
  CC      kernel/resource.o
  AR      init/built-in.a
  CC      arch/arm64/mm/pgd.o
  CC      arch/arm64/kernel/io.o
  CC      kernel/sysctl.o
  CC      arch/arm64/kernel/vdso.o
  CC      arch/arm64/mm/mmu.o
  AS      arch/arm64/kernel/hyp-stub.o
  AS      arch/arm64/crypto/aes-ce.o
  CC      arch/arm64/kernel/psci.o
  CC      arch/arm64/kernel/cpu_ops.o
  CC      arch/arm64/crypto/aes-glue-neon.o
  CC      arch/arm64/mm/context.o
  CC      kernel/sysctl_binary.o
  CC      kernel/capability.o
  CC      arch/arm64/kernel/insn.o
  CC      kernel/ptrace.o
  CC      mm/filemap.o
  CC      kernel/user.o
  CC      kernel/signal.o
  AS      arch/arm64/crypto/aes-neon.o
  CC      arch/arm64/kernel/return_address.o
  AS      arch/arm64/mm/proc.o
  CC      kernel/sys.o
  CC      arch/arm64/crypto/sha256-glue.o
  CC      arch/arm64/mm/pageattr.o
  CC      kernel/umh.o
  CC      arch/arm64/kernel/cpuinfo.o
  AS      arch/arm64/crypto/sha256-core.o
  AS      arch/arm64/crypto/chacha-neon-core.o
  CC      arch/arm64/crypto/chacha-neon-glue.o
  AS      arch/arm64/crypto/poly1305-core.o
  CC      arch/arm64/crypto/poly1305-glue.o
  AS      arch/arm64/crypto/aes-cipher-core.o
  CC      arch/arm64/crypto/aes-cipher-glue.o
  CC      arch/arm64/kernel/cpu_errata.o
  CC      arch/arm64/kernel/cpufeature.o
  AR      arch/arm64/mm/built-in.a
  CC      arch/arm64/kernel/alternative.o
  CC      arch/arm64/kernel/cacheinfo.o
  CC      arch/arm64/kernel/smp.o
  CC      mm/mempool.o
  CC      mm/oom_kill.o
  AR      arch/arm64/crypto/built-in.a
  CC      security/integrity/iint.o
  CC      drivers/amba/bus.o
  CC      fs/open.o
  CC      sound/sound_core.o
  CC      fs/read_write.o
  CC      security/apparmor/apparmorfs.o
  CC      fs/file_table.o
  CC      block/bio.o
  CC      security/apparmor/audit.o
  AR      drivers/amba/built-in.a
  CC      drivers/android/binderfs.o
  CC      security/integrity/integrity_audit.o
  CC      crypto/api.o
  CC      mm/fadvise.o
  CC      sound/core/sound.o
  CC      mm/maccess.o
  CC      fs/super.o
  AR      security/integrity/built-in.a
  CC      fs/char_dev.o
  CC      security/keys/gc.o
  CC      sound/core/init.o
  CC      mm/page_alloc.o
  CC      fs/stat.o
  CC      mm/page-writeback.o
  CC      crypto/cipher.o
  CC      drivers/android/binder.o
  CC      block/elevator.o
  CC      crypto/compress.o
  CC      security/keys/key.o
  CC      block/blk-core.o
  CC      security/keys/keyring.o
  CC      sound/core/memory.o
  CC      fs/exec.o
  CC      crypto/memneq.o
  CC      crypto/crypto_wq.o
  CC      security/apparmor/capability.o
  CC      sound/core/control.o
  CC      security/keys/keyctl.o
  CC      block/blk-tag.o
  CC      crypto/algapi.o
  CC      security/keys/permission.o
  CC      mm/readahead.o
  CC      crypto/scatterwalk.o
  CC      crypto/proc.o
  CC      security/keys/process_keys.o
  CC      drivers/android/binder_alloc.o
  CC      block/blk-sysfs.o
  CC      security/keys/request_key.o
  CC      sound/core/misc.o
  CC      crypto/aead.o
  CC      security/apparmor/task.o
  CC      crypto/ablkcipher.o
  CC      security/apparmor/ipc.o
  CC      crypto/blkcipher.o
  CC      mm/swap.o
  CC      security/keys/request_key_auth.o
  CC      mm/truncate.o
  CC      security/keys/user_defined.o
  CC      block/blk-flush.o
  AR      drivers/android/built-in.a
  CC      sound/core/device.o
  CC      crypto/skcipher.o
  CC      security/keys/compat.o
  CC      crypto/seqiv.o
  CC      drivers/base/component.o
  CC      security/keys/proc.o
  CC      drivers/base/core.o
  CC      sound/core/info.o
  CC      security/apparmor/lib.o
  CC      block/blk-settings.o
  CC      mm/vmscan.o
  CC      mm/shmem.o
  CC      mm/util.o
  CC      security/keys/sysctl.o
  CC      drivers/base/bus.o
  CC      drivers/base/dd.o
  CC      crypto/echainiv.o
  CC      crypto/ahash.o
  AR      security/keys/built-in.a
  CC      sound/core/ctljack.o
  CC      block/blk-ioc.o
  CC      sound/core/jack.o
  CC      security/selinux/avc.o
  CC      drivers/base/syscore.o
  CC      sound/core/hwdep.o
  CC      security/apparmor/match.o
  CC      security/apparmor/path.o
  CC      drivers/base/driver.o
  CC      security/apparmor/domain.o
  CC      block/blk-map.o
  CC      security/apparmor/policy.o
  CC      mm/mmzone.o
  CC      drivers/base/class.o
  CC      crypto/shash.o
  CC      sound/core/timer.o
  CC      drivers/base/platform.o
  CC      mm/vmstat.o
  CC      security/selinux/hooks.o
  CC      security/apparmor/policy_unpack.o
  CC      block/blk-exec.o
  CC      security/apparmor/procattr.o
  CC      drivers/base/cpu.o
  CC      crypto/akcipher.o
  CC      mm/backing-dev.o
  CC      drivers/base/firmware.o
  CC      drivers/base/init.o
  CC      security/apparmor/lsm.o
  CC      security/apparmor/resource.o
  CC      sound/core/pcm.o
  CC      block/blk-merge.o
  CC      drivers/base/map.o
  CC      mm/mm_init.o
  CC      drivers/base/devres.o
  CC      crypto/kpp.o
  CC      drivers/base/attribute_container.o
  CC      mm/mmu_context.o
  CC      security/apparmor/secid.o
  CC      sound/core/pcm_native.o
  CC      drivers/base/transport_class.o
  CC      mm/percpu.o
  CC      security/apparmor/file.o
  CC      drivers/block/brd.o
  CC      block/blk-softirq.o
  CC      drivers/block/loop.o
  CC      drivers/base/topology.o
  CC      drivers/block/zram/zcomp.o
  CC      drivers/block/zram/zram_drv.o
  CC      crypto/rsapubkey.asn1.o
  CC      security/selinux/selinuxfs.o
  CC      security/apparmor/policy_ns.o
  CC      crypto/rsaprivkey.asn1.o
  CC      crypto/rsa.o
  CC      drivers/base/container.o
  CC      crypto/rsa_helper.o
  CC      drivers/base/property.o
  CC      block/blk-timeout.o
  CC      block/blk-lib.o
  CC      security/apparmor/label.o
  CC      mm/slab_common.o
  CC      drivers/base/cacheinfo.o
  CC      sound/core/pcm_lib.o
  CC      sound/core/pcm_misc.o
  CC      crypto/rsa-pkcs1pad.o
  CC      drivers/block/zram/zram_dedup.o
  CC      block/blk-mq.o
  CC      security/apparmor/mount.o
  CC      block/blk-mq-tag.o
  CC      sound/core/pcm_memory.o
  CC      security/selinux/netlink.o
  CC      drivers/base/devcon.o
  CC      mm/compaction.o
  CC      mm/vmacache.o
  AR      drivers/block/zram/built-in.a
  AR      drivers/block/built-in.a
  CC      sound/core/memalloc.o
  CC      crypto/acompress.o
  CC      drivers/bluetooth/bluetooth-power.o
  CC      drivers/bluetooth/btfm_slim.o
  CC      block/blk-stat.o
  CC      drivers/base/firmware_loader/fallback_table.o
  CC      security/apparmor/net.o
  CC      security/selinux/nlmsgtab.o
  CC      sound/core/pcm_timer.o
  CC      security/selinux/netif.o
  CC      crypto/scompress.o
  CC      block/blk-mq-sysfs.o
  CC      security/apparmor/crypto.o
  CC      drivers/base/firmware_loader/main.o
  CC      block/blk-mq-cpumap.o
  CC      mm/interval_tree.o
  CC      drivers/bluetooth/btfm_slim_codec.o
  CC      drivers/bluetooth/btfm_slim_slave.o
  CC      sound/core/pcm_drm_eld.o
  CC      block/blk-mq-sched.o
  CC      block/ioctl.o
  CC      block/genhd.o
  CC      security/selinux/netnode.o
  CC      crypto/algboss.o
  CC      mm/list_lru.o
  CC      drivers/base/kernelFwUpdate/kernelFwUpdate.o
  CC      drivers/base/firmware_loader/fallback.o
  AR      security/apparmor/built-in.a
  CC      security/selinux/netport.o
  CC      sound/core/pcm_iec958.o
  AR      drivers/bluetooth/built-in.a
  CC      security/smack/smack_lsm.o
  CC      drivers/bus/qcom-ebi2.o
  AR      drivers/base/kernelFwUpdate/built-in.a
  CC      block/partition-generic.o
  CC      sound/core/rawmidi.o
  AR      drivers/base/firmware_loader/built-in.a
  CC      drivers/base/power/sysfs.o
  CC      mm/workingset.o
  CC      crypto/testmgr.o
  CC      block/ioprio.o
  CC      drivers/base/regmap/regmap.o
  CC      drivers/bus/mhi/controllers/mhi_qcom.o
  CC      drivers/bus/mhi/core/mhi_init.o
  CC      drivers/bus/mhi/controllers/mhi_arch_qcom.o
  CC      drivers/base/power/generic_ops.o
  CC      security/selinux/exports.o
  CC      mm/debug.o
  CC      security/commoncap.o
  CC      sound/core/compress_offload.o
  CC      crypto/cmac.o
  CC      security/selinux/ss/ebitmap.o
  CC      drivers/base/power/common.o
  CC      block/badblocks.o
  CC      security/smack/smack_access.o
  CC      block/partitions/check.o
  CC      drivers/base/regmap/regcache.o
  CC      drivers/base/power/qos.o
  CC      mm/gup.o
  AR      drivers/bus/mhi/controllers/built-in.a
  CC      block/blk-rq-qos.o
  CC      drivers/bus/mhi/devices/mhi_netdev.o
  CC      crypto/hmac.o
  CC      security/min_addr.o
  CC      drivers/bus/mhi/core/mhi_main.o
  AR      sound/core/built-in.a
  CC      drivers/base/regmap/regcache-rbtree.o
  CC      block/partitions/msdos.o
  CC      drivers/bus/mhi/devices/mhi_uci.o
  CC      block/scsi_ioctl.o
  CC      security/selinux/ss/hashtab.o
  CC      drivers/base/power/runtime.o
  CC      security/smack/smackfs.o
  CC      crypto/xcbc.o
  CC      mm/highmem.o
  CC      drivers/base/regmap/regcache-flat.o
  CC      drivers/bus/mhi/devices/mhi_satellite.o
  CC      security/selinux/ss/symtab.o
  CC      security/selinux/ss/sidtab.o
  CC      security/selinux/ss/avtab.o
  CC      drivers/bus/mhi/core/mhi_pm.o
  CC      block/partitions/efi.o
  CC      block/bsg.o
  CC      drivers/base/power/wakeirq.o
  CC      crypto/crypto_null.o
  CC      drivers/base/regmap/regmap-i2c.o
  CC      mm/memory.o
  AR      drivers/bus/mhi/devices/built-in.a
  CC      mm/mincore.o
  CC      drivers/base/power/main.o
  CC      drivers/base/regmap/regmap-spi.o
  AR      block/partitions/built-in.a
  CC      mm/mlock.o
  CC      block/blk-cgroup.o
  AR      security/smack/built-in.a
  CC      drivers/bus/mhi/core/mhi_boot.o
  CC      security/security.o
  CC      crypto/md5.o
  CC      security/selinux/ss/policydb.o
  CC      crypto/sha1_generic.o
  CC      mm/mmap.o
  CC      drivers/base/regmap/regmap-spmi.o
  CC      drivers/bus/mhi/core/mhi_dtr.o
  CC      crypto/sha256_generic.o
  CC      mm/mprotect.o
  CC      drivers/base/power/wakeup.o
  CC      block/anxiety-iosched.o
  CC      drivers/base/regmap/regmap-mmio.o
  CC      mm/mremap.o
  CC      crypto/sha512_generic.o
  CC      crypto/gf128mul.o
  CC      drivers/base/regmap/regmap-irq.o
  AR      drivers/bus/mhi/core/built-in.a
  CC      drivers/base/power/wakeup_stats.o
  AR      drivers/bus/mhi/built-in.a
  AR      drivers/bus/built-in.a
  CC      drivers/base/power/domain.o
  CC      block/noop-iosched.o
  CC      drivers/char/mem.o
  CC      mm/msync.o
  CC      crypto/ecb.o
  CC      drivers/base/power/domain_governor.o
  CC      mm/page_vma_mapped.o
  CC      mm/pagewalk.o
  CC      crypto/cbc.o
  CC      block/deadline-iosched.o
  CC      drivers/base/power/clock_ops.o
  CC      mm/pgtable-generic.o
  CC      security/selinux/ss/services.o
  CC      drivers/char/random.o
  CC      crypto/cts.o
  CC      crypto/xts.o
  AR      drivers/base/regmap/built-in.a
  CC      mm/rmap.o
  CC      drivers/base/memory.o
  CC      mm/vmalloc.o
  CC      block/cfq-iosched.o
  AR      drivers/base/power/built-in.a
  CC      mm/process_vm_access.o
  CC      block/mq-deadline.o
  CC      block/kyber-iosched.o
  CC      sound/soc/soc-core.o
  CC      crypto/ctr.o
  CC      crypto/gcm.o
  CC      crypto/ccm.o
  CC      drivers/base/soc.o
  CC      mm/showmem.o
  CC      mm/vmpressure.o
  CC      block/fiops-iosched.o
  CC      block/sio-iosched.o
  CC      drivers/base/pinctrl.o
  CC      mm/init-mm.o
  CC      crypto/chacha20poly1305.o
  CC      security/selinux/ss/conditional.o
  CC      crypto/cryptd.o
  CC      crypto/des_generic.o
  CC      mm/nobootmem.o
  CC      drivers/base/devcoredump.o
  CC      mm/madvise.o
  CC      sound/soc/soc-dapm.o
  CC      block/zen-iosched.o
  CC      mm/memblock.o
  CC      block/maple-iosched.o
  CC      block/compat_ioctl.o
  CC      crypto/twofish_generic.o
  CC      drivers/base/platform-msi.o
  CC      crypto/twofish_common.o
  CC      crypto/aes_generic.o
  CC      mm/page_io.o
  CC      block/blk-mq-pci.o
  CC      crypto/arc4.o
  CC      block/blk-wbt.o
  CC      security/selinux/ss/mls.o
  CC      block/keyslot-manager.o
  CC      crypto/chacha_generic.o
  CC      drivers/base/arch_topology.o
  CC      mm/swap_state.o
  CC      crypto/poly1305_generic.o
  CC      crypto/deflate.o
  CC      mm/swapfile.o
  CC      sound/soc/soc-jack.o
  CC      mm/swap_slots.o
  CC      block/bio-crypt-ctx.o
  CC      crypto/crc32c_generic.o
  CC      crypto/crc32_generic.o
  CC      security/selinux/ss/status.o
  CC      block/blk-crypto.o
  AR      drivers/base/built-in.a
  CC      block/blk-crypto-fallback.o
  CC      crypto/authenc.o
  CC      mm/swap_ratio.o
  CC      security/selinux/netlabel.o
  CC      mm/dmapool.o
  CC      sound/soc/soc-utils.o
  CC      crypto/authencesn.o
  CC      sound/soc/soc-pcm.o
  CC      crypto/lzo.o
  CC      crypto/lzo-rle.o
  CC      sound/soc/soc-io.o
  CC      mm/sparse.o
  CC      mm/sparse-vmemmap.o
  CC      mm/slub.o
  CC      mm/memory_hotplug.o
  CC      crypto/lz4hc.o
  AR      security/selinux/built-in.a
  CC      crypto/rng.o
  CC      security/inode.o
  AR      block/built-in.a
  CC      crypto/ansi_cprng.o
  CC      crypto/drbg.o
  CC      crypto/jitterentropy.o
  CC      crypto/jitterentropy-kcapi.o
  CC      sound/soc/soc-devres.o
  CC      crypto/ghash-generic.o
  CC      mm/migrate.o
  CC      crypto/zstd.o
  CC      sound/soc/soc-ops.o
  CC      security/lsm_audit.o
  CC      crypto/ecc.o
  CC      crypto/ecdh.o
  CC      mm/page_counter.o
  CC      crypto/ecdh_helper.o
  CC      sound/soc/soc-compress.o
  CC      crypto/xor.o
  CC      crypto/hash_info.o
  CC      crypto/simd.o
  CC      crypto/asymmetric_keys/asymmetric_type.o
  CC      crypto/asymmetric_keys/restrict.o
  CC      crypto/asymmetric_keys/signature.o
  CC      crypto/asymmetric_keys/public_key.o
  CC      mm/memcontrol.o
  CC      crypto/asymmetric_keys/x509.asn1.o
  CC      crypto/asymmetric_keys/x509_akid.asn1.o
  CC      mm/swap_cgroup.o
  CC      crypto/asymmetric_keys/x509_cert_parser.o
  CC      crypto/asymmetric_keys/x509_public_key.o
  AR      security/built-in.a
  CC      crypto/asymmetric_keys/pkcs7.asn1.o
  CC      crypto/asymmetric_keys/pkcs7_parser.o
  CC      mm/page_isolation.o
  CC      mm/zsmalloc.o
  CC      crypto/asymmetric_keys/pkcs7_trust.o
  CC      sound/soc/codecs/hdmi-codec.o
  CC      crypto/asymmetric_keys/pkcs7_verify.o
  CC      mm/early_ioremap.o
  CC      mm/cma.o
  CC      mm/frame_vector.o
  CC      mm/usercopy.o
  AR      crypto/asymmetric_keys/built-in.a
  AR      crypto/built-in.a
  CC      sound/last.o
  CC      sound/usb/card.o
  CC      mm/memfd.o
  CC      mm/process_reclaim.o
  AR      sound/soc/codecs/built-in.a
  CC      sound/usb/clock.o
  CC      sound/usb/endpoint.o
  CC      sound/usb/format.o
  AR      sound/soc/built-in.a
  CC      sound/usb/helper.o
  CC      mm/damon/core.o
  CC      mm/damon/ops-common.o
  CC      mm/damon/paddr.o
  CC      mm/damon/reclaim.o
  CC      sound/usb/mixer.o
  CC      sound/usb/mixer_quirks.o
  CC      sound/usb/mixer_scarlett.o
  CC      sound/usb/mixer_us16x08.o
  CC      sound/usb/pcm.o
  CC      sound/usb/power.o
  CC      sound/usb/proc.o
  CC      sound/usb/quirks.o
  AR      mm/damon/built-in.a
  CC      sound/usb/stream.o
  AR      mm/built-in.a
  CC      sound/usb/validate.o
  CC      sound/usb/midi.o
  CC      sound/usb/usb_audio_qmi_v01.o
  CC      sound/usb/usb_audio_qmi_svc.o
  AR      sound/usb/built-in.a
  AR      sound/built-in.a
make[1]: Leaving directory '/home/log1cs/android/sm8250/out'
